2025-09-10 18:23:01 - config_loader - DEBUG - 使用UTF-8编码读取配置文件
2025-09-10 18:23:01 - config_loader - INFO - ✅ 配置文件加载成功 [路径: D:\qifu\ops\code\port-guardian\config\config.json]
2025-09-10 18:27:29 - config_loader - DEBUG - 使用UTF-8编码读取配置文件
2025-09-10 18:27:29 - config_loader - INFO - 配置文件加载成功 [路径: D:\qifu\ops\code\port-guardian\config\config.json]
2025-09-10 18:27:46 - config_loader - DEBUG - 使用UTF-8编码读取配置文件
2025-09-10 18:27:46 - config_loader - INFO - 配置文件加载成功 [路径: D:\qifu\ops\code\port-guardian\config\config.json]
2025-09-10 18:33:01 - config_loader - DEBUG - 使用UTF-8编码读取配置文件
2025-09-10 18:33:01 - config_loader - INFO - 配置文件加载成功 [路径: D:\qifu\ops\code\port-guardian\config\config.json]
2025-09-10 18:36:49 - config_loader - DEBUG - 使用UTF-8编码读取配置文件
2025-09-10 18:36:49 - config_loader - INFO - 配置文件加载成功 [路径: D:\qifu\ops\code\port-guardian\config\config.json]
2025-09-10 18:41:49 - config_loader - DEBUG - 使用UTF-8编码读取配置文件
2025-09-10 18:41:49 - config_loader - INFO - 配置文件加载成功 [路径: D:\qifu\ops\code\port-guardian\config\config.json]
2025-09-10 18:44:43 - config_loader - DEBUG - 使用UTF-8编码读取配置文件
2025-09-10 18:44:43 - config_loader - INFO - 配置文件加载成功 [路径: D:\qifu\ops\code\port-guardian\config\config.json]
2025-09-12 10:41:45 - config_loader - DEBUG - 使用UTF-8编码读取配置文件
2025-09-12 10:41:45 - config_loader - INFO - 配置文件加载成功 [路径: D:\qifu\ops\code\port-guardian\config\config.json]
2025-09-12 11:29:37 - config_loader - DEBUG - 使用UTF-8编码读取配置文件
2025-09-12 11:29:37 - config_loader - INFO - 配置文件加载成功 [路径: D:\qifu\ops\code\port-guardian\config\config.json]
2025-09-12 11:34:37 - config_loader - DEBUG - 使用UTF-8编码读取配置文件
2025-09-12 11:34:37 - config_loader - CRITICAL - 配置初始化失败: JSON格式错误 [行: 29, 列: 1]: Expecting property name enclosed in double quotes
Traceback (most recent call last):
  File "D:\qifu\ops\code\port-guardian\config\config_loader.py", line 117, in load_config
    return json.load(f)
  File "C:\Users\EDY\AppData\Local\Programs\Python\Python310\lib\json\__init__.py", line 293, in load
    return loads(fp.read(),
  File "C:\Users\EDY\AppData\Local\Programs\Python\Python310\lib\json\__init__.py", line 346, in loads
    return _default_decoder.decode(s)
  File "C:\Users\EDY\AppData\Local\Programs\Python\Python310\lib\json\decoder.py", line 337, in decode
    obj, end = self.raw_decode(s, idx=_w(s, 0).end())
  File "C:\Users\EDY\AppData\Local\Programs\Python\Python310\lib\json\decoder.py", line 353, in raw_decode
    obj, end = self.scan_once(s, idx)
json.decoder.JSONDecodeError: Expecting property name enclosed in double quotes: line 29 column 1 (char 573)

The above exception was the direct cause of the following exception:

Traceback (most recent call last):
  File "D:\qifu\ops\code\port-guardian\config\config_loader.py", line 97, in _load_and_validate
    self.config = self.load_config()
  File "D:\qifu\ops\code\port-guardian\config\config_loader.py", line 125, in load_config
    raise ValueError(f"JSON格式错误 [行: {e.lineno}, 列: {e.colno}]: {e.msg}") from e
ValueError: JSON格式错误 [行: 29, 列: 1]: Expecting property name enclosed in double quotes
2025-09-12 11:34:37 - main - CRITICAL - 程序启动失败: JSON格式错误 [行: 29, 列: 1]: Expecting property name enclosed in double quotes
Traceback (most recent call last):
  File "D:\qifu\ops\code\port-guardian\config\config_loader.py", line 117, in load_config
    return json.load(f)
  File "C:\Users\EDY\AppData\Local\Programs\Python\Python310\lib\json\__init__.py", line 293, in load
    return loads(fp.read(),
  File "C:\Users\EDY\AppData\Local\Programs\Python\Python310\lib\json\__init__.py", line 346, in loads
    return _default_decoder.decode(s)
  File "C:\Users\EDY\AppData\Local\Programs\Python\Python310\lib\json\decoder.py", line 337, in decode
    obj, end = self.raw_decode(s, idx=_w(s, 0).end())
  File "C:\Users\EDY\AppData\Local\Programs\Python\Python310\lib\json\decoder.py", line 353, in raw_decode
    obj, end = self.scan_once(s, idx)
json.decoder.JSONDecodeError: Expecting property name enclosed in double quotes: line 29 column 1 (char 573)

The above exception was the direct cause of the following exception:

Traceback (most recent call last):
  File "D:\qifu\ops\code\port-guardian\main.py", line 64, in <module>
    port_guardian = PortGuardian()
  File "D:\qifu\ops\code\port-guardian\main.py", line 11, in __init__
    self.config_loader = ConfigLoader()
  File "D:\qifu\ops\code\port-guardian\config\config_loader.py", line 61, in __init__
    self._load_and_validate()
  File "D:\qifu\ops\code\port-guardian\config\config_loader.py", line 97, in _load_and_validate
    self.config = self.load_config()
  File "D:\qifu\ops\code\port-guardian\config\config_loader.py", line 125, in load_config
    raise ValueError(f"JSON格式错误 [行: {e.lineno}, 列: {e.colno}]: {e.msg}") from e
ValueError: JSON格式错误 [行: 29, 列: 1]: Expecting property name enclosed in double quotes
2025-09-12 11:36:31 - config_loader - DEBUG - 使用UTF-8编码读取配置文件
2025-09-12 11:36:31 - config_loader - INFO - 配置文件加载成功 [路径: D:\qifu\ops\code\port-guardian\config\config.json]
2025-09-12 11:39:44 - config_loader - DEBUG - 使用UTF-8编码读取配置文件
2025-09-12 11:39:44 - config_loader - INFO - 配置文件加载成功 [路径: D:\qifu\ops\code\port-guardian\config\config.json]
2025-09-12 11:46:22 - config_loader - DEBUG - 使用UTF-8编码读取配置文件
2025-09-12 11:46:22 - config_loader - INFO - 配置文件加载成功 [路径: D:\qifu\ops\code\port-guardian\config\config.json]
2025-09-12 11:49:08 - config_loader - DEBUG - 使用UTF-8编码读取配置文件
2025-09-12 11:49:08 - config_loader - INFO - 配置文件加载成功 [路径: D:\qifu\ops\code\port-guardian\config\config.json]
2025-09-12 11:50:31 - config_loader - DEBUG - 使用UTF-8编码读取配置文件
2025-09-12 11:50:31 - config_loader - INFO - 配置文件加载成功 [路径: D:\qifu\ops\code\port-guardian\config\config.json]
2025-09-12 16:32:53 - config_loader - DEBUG - 使用UTF-8编码读取配置文件
2025-09-12 16:32:53 - config_loader - INFO - 配置文件加载成功 [路径: D:\qifu\ops\code\port-guardian\config\config.json]
2025-09-12 17:34:30 - config_loader - CRITICAL - 配置初始化失败: 配置文件不存在，请检查路径: 
D:\qifu\ops\code\config\config.json
提示：确保文件已创建，且路径中无中文/特殊字符
Traceback (most recent call last):
  File "D:\qifu\ops\code\port-guardian\checker\config_loader.py", line 97, in _load_and_validate
    self.config = self.load_config()
  File "D:\qifu\ops\code\port-guardian\checker\config_loader.py", line 107, in load_config
    raise FileNotFoundError(
FileNotFoundError: 配置文件不存在，请检查路径: 
D:\qifu\ops\code\config\config.json
提示：确保文件已创建，且路径中无中文/特殊字符
2025-09-12 17:34:30 - main - CRITICAL - 程序启动失败: 配置文件不存在，请检查路径: 
D:\qifu\ops\code\config\config.json
提示：确保文件已创建，且路径中无中文/特殊字符
Traceback (most recent call last):
  File "D:\qifu\ops\code\port-guardian\main.py", line 64, in <module>
    port_guardian = PortGuardian()
  File "D:\qifu\ops\code\port-guardian\main.py", line 11, in __init__
    self.config_loader = ConfigLoader()
  File "D:\qifu\ops\code\port-guardian\checker\config_loader.py", line 61, in __init__
    self._load_and_validate()
  File "D:\qifu\ops\code\port-guardian\checker\config_loader.py", line 97, in _load_and_validate
    self.config = self.load_config()
  File "D:\qifu\ops\code\port-guardian\checker\config_loader.py", line 107, in load_config
    raise FileNotFoundError(
FileNotFoundError: 配置文件不存在，请检查路径: 
D:\qifu\ops\code\config\config.json
提示：确保文件已创建，且路径中无中文/特殊字符
2025-09-12 17:34:53 - config_loader - DEBUG - 使用UTF-8编码读取配置文件
2025-09-12 17:34:53 - config_loader - INFO - 配置文件加载成功 [路径: D:\qifu\ops\code\port-guardian\config\config.json]
